<?xml version="1.0" encoding="UTF-8"?>
<!-- Generated by org.testng.reporters.JUnitXMLReporter -->
<testsuite ignored="0" hostname="DESKTOP-JQJ5R9C" failures="0" tests="3" name="Default test" time="25.961" errors="0" timestamp="2023-04-29T01:13:47 IST">
  <testcase classname="week5.day2.CreateLead" name="createLead" time="4.232"/>
  <testcase classname="week5.day2.CreateLead" name="createLead" time="4.048"/>
  <testcase classname="week5.day2.EditLead" name="editLead" time="6.393"/>
</testsuite> <!-- Default test -->
