<?xml version="1.0" encoding="UTF-8"?>
<!-- Generated by org.testng.reporters.JUnitXMLReporter -->
<testsuite ignored="0" hostname="DESKTOP-JQJ5R9C" failures="0" tests="5" name="Accounts" time="36.29" errors="0" timestamp="2023-03-19T09:20:54 IST">
  <testcase classname="testcase.CreateLead" name="runCreateLead" time="10.808"/>
  <testcase classname="testcase.DeleteLead" name="runDeleteLead" time="11.785"/>
  <testcase classname="testcase.CreateLead" name="runCreateLead" time="8.699"/>
  <testcase classname="testcase.CreateLead" name="runCreateLead" time="7.733"/>
  <testcase classname="testcase.EditLead" name="runEditLead" time="9.034"/>
</testsuite> <!-- Accounts -->
