<?xml version="1.0" encoding="UTF-8"?>
<testng-results ignored="0" total="3" passed="3" failed="0" skipped="0">
  <reporter-output>
  </reporter-output>
  <suite started-at="2023-04-29T01:13:21 IST" name="Default suite" finished-at="2023-04-29T01:13:47 IST" duration-ms="25961">
    <groups>
    </groups>
    <test started-at="2023-04-29T01:13:21 IST" name="Default test" finished-at="2023-04-29T01:13:47 IST" duration-ms="25961">
      <class name="week5.day2.EditLead">
        <test-method is-config="true" signature="preCondition()[pri:0, instance:week5.day2.EditLead@6fd83fc1]" started-at="2023-04-29T01:13:37 IST" name="preCondition" finished-at="2023-04-29T01:13:40 IST" duration-ms="2997" status="PASS">
          <reporter-output>
          </reporter-output>
        </test-method> <!-- preCondition -->
        <test-method signature="editLead()[pri:0, instance:week5.day2.EditLead@6fd83fc1]" started-at="2023-04-29T01:13:40 IST" name="editLead" finished-at="2023-04-29T01:13:47 IST" depends-on-methods="week5.day2.CreateLead.createLead" duration-ms="6393" status="PASS">
          <reporter-output>
          </reporter-output>
        </test-method> <!-- editLead -->
        <test-method is-config="true" signature="postCondition()[pri:0, instance:week5.day2.EditLead@6fd83fc1]" started-at="2023-04-29T01:13:47 IST" name="postCondition" finished-at="2023-04-29T01:13:47 IST" duration-ms="127" status="PASS">
          <reporter-output>
          </reporter-output>
        </test-method> <!-- postCondition -->
      </class> <!-- week5.day2.EditLead -->
      <class name="week5.day2.CreateLead">
        <test-method is-config="true" signature="preCondition()[pri:0, instance:week5.day2.CreateLead@4c1909a3]" started-at="2023-04-29T01:13:21 IST" name="preCondition" finished-at="2023-04-29T01:13:25 IST" duration-ms="4709" status="PASS">
          <reporter-output>
          </reporter-output>
        </test-method> <!-- preCondition -->
        <test-method signature="createLead()[pri:0, instance:week5.day2.CreateLead@4c1909a3]" started-at="2023-04-29T01:13:25 IST" name="createLead" finished-at="2023-04-29T01:13:30 IST" duration-ms="4232" status="PASS">
          <reporter-output>
          </reporter-output>
        </test-method> <!-- createLead -->
        <test-method is-config="true" signature="postCondition()[pri:0, instance:week5.day2.CreateLead@4c1909a3]" started-at="2023-04-29T01:13:30 IST" name="postCondition" finished-at="2023-04-29T01:13:30 IST" duration-ms="142" status="PASS">
          <reporter-output>
          </reporter-output>
        </test-method> <!-- postCondition -->
        <test-method is-config="true" signature="preCondition()[pri:0, instance:week5.day2.CreateLead@4c1909a3]" started-at="2023-04-29T01:13:30 IST" name="preCondition" finished-at="2023-04-29T01:13:33 IST" duration-ms="3154" status="PASS">
          <reporter-output>
          </reporter-output>
        </test-method> <!-- preCondition -->
        <test-method signature="createLead()[pri:0, instance:week5.day2.CreateLead@4c1909a3]" started-at="2023-04-29T01:13:33 IST" name="createLead" finished-at="2023-04-29T01:13:37 IST" duration-ms="4048" status="PASS">
          <reporter-output>
          </reporter-output>
        </test-method> <!-- createLead -->
        <test-method is-config="true" signature="postCondition()[pri:0, instance:week5.day2.CreateLead@4c1909a3]" started-at="2023-04-29T01:13:37 IST" name="postCondition" finished-at="2023-04-29T01:13:37 IST" duration-ms="124" status="PASS">
          <reporter-output>
          </reporter-output>
        </test-method> <!-- postCondition -->
      </class> <!-- week5.day2.CreateLead -->
    </test> <!-- Default test -->
  </suite> <!-- Default suite -->
</testng-results>
