<?xml version="1.0" encoding="UTF-8"?>
<testng-results ignored="0" total="2" passed="2" failed="0" skipped="0">
  <reporter-output>
  </reporter-output>
  <suite started-at="2023-05-20T21:01:42 IST" name="Suite" finished-at="2023-05-20T21:02:03 IST" duration-ms="21047">
    <groups>
    </groups>
    <test started-at="2023-05-20T21:01:42 IST" name="Test" finished-at="2023-05-20T21:02:03 IST" duration-ms="21047">
      <class name="week5.day2.CreateLeadWithDataProvider">
        <test-method is-config="true" signature="preCondition()[pri:0, instance:week5.day2.CreateLeadWithDataProvider@37d4349f]" started-at="2023-05-20T21:01:42 IST" name="preCondition" finished-at="2023-05-20T21:01:47 IST" duration-ms="5030" status="PASS">
          <reporter-output>
          </reporter-output>
        </test-method> <!-- preCondition -->
        <test-method signature="createLead(java.lang.String,java.lang.String,java.lang.String)[pri:0, instance:week5.day2.CreateLeadWithDataProvider@37d4349f]" started-at="2023-05-20T21:01:47 IST" name="createLead" data-provider="Create" finished-at="2023-05-20T21:01:53 IST" duration-ms="5319" status="PASS">
          <params>
            <param index="0">
              <value>
                <![CDATA[TestLeaf]]>
              </value>
            </param>
            <param index="1">
              <value>
                <![CDATA[Hari]]>
              </value>
            </param>
            <param index="2">
              <value>
                <![CDATA[R]]>
              </value>
            </param>
          </params>
          <reporter-output>
          </reporter-output>
        </test-method> <!-- createLead -->
        <test-method is-config="true" signature="postCondition()[pri:0, instance:week5.day2.CreateLeadWithDataProvider@37d4349f]" started-at="2023-05-20T21:01:53 IST" name="postCondition" finished-at="2023-05-20T21:01:53 IST" duration-ms="105" status="PASS">
          <reporter-output>
          </reporter-output>
        </test-method> <!-- postCondition -->
        <test-method is-config="true" signature="preCondition()[pri:0, instance:week5.day2.CreateLeadWithDataProvider@37d4349f]" started-at="2023-05-20T21:01:53 IST" name="preCondition" finished-at="2023-05-20T21:01:56 IST" duration-ms="3632" status="PASS">
          <reporter-output>
          </reporter-output>
        </test-method> <!-- preCondition -->
        <test-method signature="createLead(java.lang.String,java.lang.String,java.lang.String)[pri:0, instance:week5.day2.CreateLeadWithDataProvider@37d4349f]" started-at="2023-05-20T21:01:56 IST" name="createLead" data-provider="Create" finished-at="2023-05-20T21:02:02 IST" duration-ms="6061" status="PASS">
          <params>
            <param index="0">
              <value>
                <![CDATA[TestLeaf]]>
              </value>
            </param>
            <param index="1">
              <value>
                <![CDATA[Babu]]>
              </value>
            </param>
            <param index="2">
              <value>
                <![CDATA[M]]>
              </value>
            </param>
          </params>
          <reporter-output>
          </reporter-output>
        </test-method> <!-- createLead -->
        <test-method is-config="true" signature="postCondition()[pri:0, instance:week5.day2.CreateLeadWithDataProvider@37d4349f]" started-at="2023-05-20T21:02:02 IST" name="postCondition" finished-at="2023-05-20T21:02:03 IST" duration-ms="125" status="PASS">
          <reporter-output>
          </reporter-output>
        </test-method> <!-- postCondition -->
      </class> <!-- week5.day2.CreateLeadWithDataProvider -->
    </test> <!-- Test -->
  </suite> <!-- Suite -->
</testng-results>
