<?xml version="1.0" encoding="UTF-8"?>
<!-- Generated by org.testng.reporters.JUnitReportReporter -->
<testsuite hostname="DESKTOP-JQJ5R9C" failures="0" tests="2" name="week5.day2.EditLeadWithDataProvider" time="41.381" errors="0" timestamp="2023-05-20T12:18:39 IST" skipped="0">
  <testcase classname="week5.day2.EditLeadWithDataProvider" name="editLead" time="25.674"/>
  <system-out/>
  <testcase classname="week5.day2.EditLeadWithDataProvider" name="editLead" time="15.707"/>
  <system-out/>
</testsuite> <!-- week5.day2.EditLeadWithDataProvider -->
