<?xml version="1.0" encoding="UTF-8"?>
<!-- Generated by org.testng.reporters.JUnitReportReporter -->
<testsuite hostname="DESKTOP-JQJ5R9C" failures="0" tests="2" name="week5.day2.CreateLeadWithDataProvider" time="20.272" errors="0" timestamp="2023-05-20T21:02:03 IST" skipped="0">
  <testcase classname="week5.day2.CreateLeadWithDataProvider" name="createLead" time="9.076"/>
  <system-out/>
  <testcase classname="week5.day2.CreateLeadWithDataProvider" name="createLead" time="11.196"/>
  <system-out/>
</testsuite> <!-- week5.day2.CreateLeadWithDataProvider -->
