<?xml version="1.0" encoding="UTF-8"?>
<!-- Generated by org.testng.reporters.JUnitReportReporter -->
<testsuite hostname="DESKTOP-JQJ5R9C" failures="0" tests="4" name="week6.day1.LearnGroups" time="0.009" errors="0" timestamp="2023-05-03T10:09:24 IST" skipped="0">
  <testcase classname="week6.day1.LearnGroups" name="test1" time="0.007"/>
  <system-out/>
  <testcase classname="week6.day1.LearnGroups" name="test2" time="0.002"/>
  <system-out/>
  <testcase classname="week6.day1.LearnGroups" name="test4" time="0.000"/>
  <system-out/>
  <testcase classname="week6.day1.LearnGroups" name="test3" time="0.000"/>
  <system-out/>
</testsuite> <!-- week6.day1.LearnGroups -->
