<?xml version="1.0" encoding="UTF-8"?>
<!-- Generated by org.testng.reporters.JUnitReportReporter -->
<testsuite hostname="DESKTOP-JQJ5R9C" failures="0" tests="5" name="week5.day2.RunCreateLeadMutipleTimes" time="55.015" errors="0" timestamp="2023-05-19T21:59:34 IST" skipped="1">
  <testcase classname="week5.day2.RunCreateLeadMutipleTimes" name="createLead" time="13.637"/>
  <system-out/>
  <testcase classname="week5.day2.RunCreateLeadMutipleTimes" name="createLead" time="15.960"/>
  <system-out/>
  <testcase classname="week5.day2.RunCreateLeadMutipleTimes" name="createLead" time="12.316"/>
  <system-out/>
  <testcase classname="week5.day2.RunCreateLeadMutipleTimes" name="runEditLead" time="13.102"/>
  <system-out/>
  <testcase classname="week5.day2.RunCreateLeadMutipleTimes" name="runDeleteLead">
    <skipped/>
  </testcase> <!-- runDeleteLead -->
  <system-out/>
</testsuite> <!-- week5.day2.RunCreateLeadMutipleTimes -->
