<?xml version="1.0" encoding="UTF-8"?>
<!-- Generated by org.testng.reporters.JUnitReportReporter -->
<testsuite hostname="DESKTOP-JQJ5R9C" failures="0" tests="2" name="week5.day2.EditLeadWithDataProvider" time="25.548" errors="0" timestamp="2023-04-29T01:11:19 IST" skipped="0">
  <testcase classname="week5.day2.EditLeadWithDataProvider" name="editLead" time="12.895"/>
  <system-out/>
  <testcase classname="week5.day2.EditLeadWithDataProvider" name="editLead" time="12.653"/>
  <system-out/>
</testsuite> <!-- week5.day2.EditLeadWithDataProvider -->
